{"/Users/asmtv1/mindbox/src/components/TaskItem/TaskItem.tsx": {"path":"/Users/asmtv1/mindbox/src/components/TaskItem/TaskItem.tsx","statementMap":{"0":{"start":{"line":1,"column":0},"end":{"line":1,"column":null}},"1":{"start":{"line":8,"column":0},"end":{"line":8,"column":43}},"2":{"start":{"line":16,"column":17},"end":{"line":46,"column":null}},"3":{"start":{"line":17,"column":2},"end":{"line":45,"column":null}},"4":{"start":{"line":23,"column":28},"end":{"line":23,"column":47}},"5":{"start":{"line":41,"column":23},"end":{"line":41,"column":42}},"6":{"start":{"line":49,"column":0},"end":{"line":49,"column":24}}},"fnMap":{"0":{"name":"(anonymous_1)","decl":{"start":{"line":16,"column":17},"end":{"line":16,"column":18}},"loc":{"start":{"line":17,"column":2},"end":{"line":45,"column":null}}},"1":{"name":"(anonymous_2)","decl":{"start":{"line":23,"column":22},"end":{"line":23,"column":25}},"loc":{"start":{"line":23,"column":28},"end":{"line":23,"column":47}}},"2":{"name":"(anonymous_3)","decl":{"start":{"line":41,"column":17},"end":{"line":41,"column":20}},"loc":{"start":{"line":41,"column":23},"end":{"line":41,"column":42}}}},"branchMap":{"0":{"loc":{"start":{"line":30,"column":14},"end":{"line":30,"column":null}},"type":"cond-expr","locations":[{"start":{"line":30,"column":31},"end":{"line":30,"column":47}},{"start":{"line":30,"column":50},"end":{"line":30,"column":null}}]}},"s":{"0":1,"1":1,"2":1,"3":10,"4":1,"5":1,"6":1},"f":{"0":10,"1":1,"2":1},"b":{"0":[5,5]}}
,"/Users/asmtv1/mindbox/src/components/TaskList/TaskList.tsx": {"path":"/Users/asmtv1/mindbox/src/components/TaskList/TaskList.tsx","statementMap":{"0":{"start":{"line":1,"column":0},"end":{"line":1,"column":44}},"1":{"start":{"line":9,"column":17},"end":{"line":19,"column":null}},"2":{"start":{"line":10,"column":2},"end":{"line":18,"column":null}},"3":{"start":{"line":12,"column":6},"end":{"line":13,"column":null}},"4":{"start":{"line":22,"column":0},"end":{"line":22,"column":24}}},"fnMap":{"0":{"name":"(anonymous_1)","decl":{"start":{"line":9,"column":17},"end":{"line":9,"column":18}},"loc":{"start":{"line":10,"column":2},"end":{"line":18,"column":null}}},"1":{"name":"(anonymous_2)","decl":{"start":{"line":11,"column":15},"end":{"line":11,"column":16}},"loc":{"start":{"line":12,"column":6},"end":{"line":13,"column":null}}}},"branchMap":{},"s":{"0":1,"1":1,"2":5,"3":10,"4":1},"f":{"0":5,"1":10},"b":{}}
,"/Users/asmtv1/mindbox/src/hooks/useTasks.ts": {"path":"/Users/asmtv1/mindbox/src/hooks/useTasks.ts","statementMap":{"0":{"start":{"line":1,"column":0},"end":{"line":1,"column":33}},"1":{"start":{"line":9,"column":24},"end":{"line":44,"column":1}},"2":{"start":{"line":10,"column":28},"end":{"line":10,"column":48}},"3":{"start":{"line":11,"column":30},"end":{"line":11,"column":77}},"4":{"start":{"line":13,"column":18},"end":{"line":16,"column":3}},"5":{"start":{"line":14,"column":4},"end":{"line":14,"column":33}},"6":{"start":{"line":14,"column":26},"end":{"line":14,"column":33}},"7":{"start":{"line":15,"column":4},"end":{"line":15,"column":79}},"8":{"start":{"line":18,"column":21},"end":{"line":24,"column":3}},"9":{"start":{"line":19,"column":4},"end":{"line":23,"column":6}},"10":{"start":{"line":21,"column":8},"end":{"line":21,"column":71}},"11":{"start":{"line":26,"column":21},"end":{"line":28,"column":3}},"12":{"start":{"line":27,"column":4},"end":{"line":27,"column":53}},"13":{"start":{"line":27,"column":36},"end":{"line":27,"column":50}},"14":{"start":{"line":30,"column":24},"end":{"line":34,"column":4}},"15":{"start":{"line":31,"column":4},"end":{"line":31,"column":52}},"16":{"start":{"line":31,"column":29},"end":{"line":31,"column":52}},"17":{"start":{"line":32,"column":4},"end":{"line":32,"column":54}},"18":{"start":{"line":32,"column":32},"end":{"line":32,"column":54}},"19":{"start":{"line":33,"column":4},"end":{"line":33,"column":16}},"20":{"start":{"line":36,"column":2},"end":{"line":43,"column":4}},"21":{"start":{"line":9,"column":13},"end":{"line":9,"column":24}}},"fnMap":{"0":{"name":"(anonymous_0)","decl":{"start":{"line":9,"column":24},"end":{"line":9,"column":27}},"loc":{"start":{"line":9,"column":29},"end":{"line":44,"column":1}}},"1":{"name":"(anonymous_1)","decl":{"start":{"line":13,"column":18},"end":{"line":13,"column":19}},"loc":{"start":{"line":13,"column":39},"end":{"line":16,"column":3}}},"2":{"name":"(anonymous_2)","decl":{"start":{"line":18,"column":21},"end":{"line":18,"column":22}},"loc":{"start":{"line":18,"column":36},"end":{"line":24,"column":3}}},"3":{"name":"(anonymous_3)","decl":{"start":{"line":20,"column":16},"end":{"line":20,"column":17}},"loc":{"start":{"line":21,"column":8},"end":{"line":21,"column":71}}},"4":{"name":"(anonymous_4)","decl":{"start":{"line":26,"column":21},"end":{"line":26,"column":22}},"loc":{"start":{"line":26,"column":36},"end":{"line":28,"column":3}}},"5":{"name":"(anonymous_5)","decl":{"start":{"line":27,"column":26},"end":{"line":27,"column":27}},"loc":{"start":{"line":27,"column":36},"end":{"line":27,"column":50}}},"6":{"name":"(anonymous_6)","decl":{"start":{"line":30,"column":37},"end":{"line":30,"column":38}},"loc":{"start":{"line":30,"column":46},"end":{"line":34,"column":3}}}},"branchMap":{"0":{"loc":{"start":{"line":14,"column":4},"end":{"line":14,"column":33}},"type":"if","locations":[{"start":{"line":14,"column":4},"end":{"line":14,"column":33}}]},"1":{"loc":{"start":{"line":21,"column":8},"end":{"line":21,"column":71}},"type":"cond-expr","locations":[{"start":{"line":21,"column":24},"end":{"line":21,"column":65}},{"start":{"line":21,"column":67},"end":{"line":21,"column":71}}]},"2":{"loc":{"start":{"line":31,"column":4},"end":{"line":31,"column":52}},"type":"if","locations":[{"start":{"line":31,"column":4},"end":{"line":31,"column":52}}]},"3":{"loc":{"start":{"line":32,"column":4},"end":{"line":32,"column":54}},"type":"if","locations":[{"start":{"line":32,"column":4},"end":{"line":32,"column":54}}]}},"s":{"0":1,"1":1,"2":0,"3":0,"4":0,"5":0,"6":0,"7":0,"8":0,"9":0,"10":0,"11":0,"12":0,"13":0,"14":0,"15":0,"16":0,"17":0,"18":0,"19":0,"20":0,"21":1},"f":{"0":0,"1":0,"2":0,"3":0,"4":0,"5":0,"6":0},"b":{"0":[0],"1":[0,0],"2":[0],"3":[0]}}
}
